[2026-03-12T18:36:57.246Z] [INFO] Starting admin bot scheduler...
[2026-03-12T18:36:57.253Z] [INFO] Configuration: {
  "baseUrl": "http://localhost:3000",
  "adminCredentials": {
    "username": "admin",
    "password": "***"
  },
  "interval": 60000,
  "viewDelay": 5000,
  "headless": true,
  "logFile": "/Users/askarhabibulloh/Documents/steal-it-bro/blind-xss-lab/bot.log",
  "maxOrdersPerRun": 10
}
[2026-03-12T18:36:57.253Z] [INFO] === Starting bot run #1 ===
[2026-03-12T18:36:57.253Z] [INFO] Initializing admin bot...
[2026-03-12T18:36:57.928Z] [ERROR] Failed to initialize bot: browserType.launch: Executable doesn't exist at /Users/askarhabibulloh/Library/Caches/ms-playwright/chromium_headless_shell-1208/chrome-headless-shell-mac-arm64/chrome-headless-shell
╔═════════════════════════════════════════════════════════════════════════╗
║ Looks like Playwright Test or Playwright was just installed or updated. ║
║ Please run the following command to download new browsers:              ║
║                                                                         ║
║     npx playwright install                                              ║
║                                                                         ║
║ <3 Playwright Team                                                      ║
╚═════════════════════════════════════════════════════════════════════════╝
[2026-03-12T18:36:57.929Z] [ERROR] Bot run #1 failed: Failed to initialize browser
[2026-03-12T18:36:57.929Z] [INFO] Next run scheduled for: 2026-03-12T18:37:57.929Z
[2026-03-12T18:42:50.518Z] [INFO] Starting admin bot scheduler...
[2026-03-12T18:42:50.522Z] [INFO] Configuration: {
  "baseUrl": "http://localhost:3000",
  "adminCredentials": {
    "username": "admin",
    "password": "***"
  },
  "interval": 60000,
  "viewDelay": 5000,
  "headless": true,
  "logFile": "/Users/askarhabibulloh/Documents/steal-it-bro/blind-xss-lab/bot.log",
  "maxOrdersPerRun": 10
}
[2026-03-12T18:42:50.522Z] [INFO] === Starting bot run #1 ===
[2026-03-12T18:42:50.522Z] [INFO] Initializing admin bot...
[2026-03-12T18:42:55.567Z] [INFO] Bot initialized successfully
[2026-03-12T18:42:55.568Z] [INFO] Navigating to login page: http://localhost:3000/login
[2026-03-12T18:43:07.433Z] [ERROR] Login failed: page.waitForURL: Timeout 10000ms exceeded.
=========================== logs ===========================
waiting for navigation to "http://localhost:3000/products" until "load"
============================================================
[2026-03-12T18:43:07.493Z] [DEBUG] Screenshot saved to: /Users/askarhabibulloh/Documents/steal-it-bro/blind-xss-lab/login-error.png
[2026-03-12T18:43:07.493Z] [ERROR] Bot run #1 failed: Login failed, aborting run
[2026-03-12T18:43:07.536Z] [INFO] Next run scheduled for: 2026-03-12T18:44:07.536Z
[2026-03-12T18:44:07.537Z] [INFO] === Starting bot run #2 ===
[2026-03-12T18:44:07.539Z] [INFO] Navigating to login page: http://localhost:3000/login
[2026-03-12T18:44:18.287Z] [ERROR] Login failed: page.waitForURL: Timeout 10000ms exceeded.
=========================== logs ===========================
waiting for navigation to "http://localhost:3000/products" until "load"
============================================================
[2026-03-12T18:44:18.344Z] [DEBUG] Screenshot saved to: /Users/askarhabibulloh/Documents/steal-it-bro/blind-xss-lab/login-error.png
[2026-03-12T18:44:18.346Z] [ERROR] Bot run #2 failed: Login failed, aborting run
[2026-03-12T18:45:04.147Z] [INFO] Starting admin bot scheduler...
[2026-03-12T18:45:04.149Z] [INFO] Configuration: {
  "baseUrl": "http://localhost:3000",
  "adminCredentials": {
    "username": "admin",
    "password": "***"
  },
  "interval": 60000,
  "viewDelay": 5000,
  "headless": true,
  "logFile": "/Users/askarhabibulloh/Documents/steal-it-bro/blind-xss-lab/bot.log",
  "maxOrdersPerRun": 10
}
[2026-03-12T18:45:04.150Z] [INFO] === Starting bot run #1 ===
[2026-03-12T18:45:04.150Z] [INFO] Initializing admin bot...
[2026-03-12T18:45:05.384Z] [INFO] Bot initialized successfully
[2026-03-12T18:45:05.384Z] [INFO] Navigating to login page: http://localhost:3000/login
[2026-03-12T18:45:16.861Z] [ERROR] Login failed: page.waitForURL: Timeout 10000ms exceeded.
=========================== logs ===========================
waiting for navigation to "http://localhost:3000/products" until "load"
============================================================
[2026-03-12T18:45:16.930Z] [DEBUG] Screenshot saved to: /Users/askarhabibulloh/Documents/steal-it-bro/blind-xss-lab/login-error.png
[2026-03-12T18:45:16.930Z] [ERROR] Bot run #1 failed: Login failed, aborting run
[2026-03-12T18:45:16.969Z] [INFO] Next run scheduled for: 2026-03-12T18:46:16.969Z
[2026-03-12T18:45:18.685Z] [INFO] Received SIGTERM, shutting down...
[2026-03-12T18:45:18.685Z] [INFO] Cleaning up bot resources...
[2026-03-12T18:46:31.876Z] [INFO] Starting admin bot scheduler...
[2026-03-12T18:46:31.884Z] [INFO] Configuration: {
  "baseUrl": "http://localhost:3000",
  "adminCredentials": {
    "username": "admin",
    "password": "***"
  },
  "interval": 60000,
  "viewDelay": 5000,
  "headless": true,
  "logFile": "/Users/askarhabibulloh/Documents/steal-it-bro/blind-xss-lab/bot.log",
  "maxOrdersPerRun": 10
}
[2026-03-12T18:46:31.884Z] [INFO] === Starting bot run #1 ===
[2026-03-12T18:46:31.884Z] [INFO] Initializing admin bot...
[2026-03-12T18:46:32.984Z] [INFO] Bot initialized successfully
[2026-03-12T18:46:32.984Z] [INFO] Navigating to login page: http://localhost:3000/login
[2026-03-12T18:46:46.206Z] [ERROR] Login failed: page.waitForURL: Timeout 10000ms exceeded.
=========================== logs ===========================
waiting for navigation to "http://localhost:3000/products" until "load"
============================================================
[2026-03-12T18:46:46.279Z] [DEBUG] Screenshot saved to: /Users/askarhabibulloh/Documents/steal-it-bro/blind-xss-lab/login-error.png
[2026-03-12T18:46:46.279Z] [ERROR] Bot run #1 failed: Login failed, aborting run
[2026-03-12T18:46:46.319Z] [INFO] Next run scheduled for: 2026-03-12T18:47:46.319Z
[2026-03-12T18:46:51.429Z] [INFO] Received SIGTERM, shutting down...
[2026-03-12T18:46:51.429Z] [INFO] Cleaning up bot resources...
[2026-03-12T18:47:55.474Z] [INFO] Starting admin bot scheduler...
[2026-03-12T18:47:55.480Z] [INFO] Configuration: {
  "baseUrl": "http://localhost:3000",
  "adminCredentials": {
    "username": "admin",
    "password": "***"
  },
  "interval": 60000,
  "viewDelay": 5000,
  "headless": true,
  "logFile": "/Users/askarhabibulloh/Documents/steal-it-bro/blind-xss-lab/bot.log",
  "maxOrdersPerRun": 10
}
[2026-03-12T18:47:55.480Z] [INFO] === Starting bot run #1 ===
[2026-03-12T18:47:55.481Z] [INFO] Initializing admin bot...
[2026-03-12T18:47:56.502Z] [INFO] Bot initialized successfully
[2026-03-12T18:47:56.502Z] [INFO] Navigating to login page: http://localhost:3000/login
[2026-03-12T18:48:12.778Z] [INFO] Login successful (detected by page title)
[2026-03-12T18:48:12.778Z] [INFO] Navigating to admin dashboard...
[2026-03-12T18:48:20.018Z] [INFO] Received SIGTERM, shutting down...
[2026-03-12T18:48:20.019Z] [INFO] Cleaning up bot resources...
[2026-03-12T18:48:20.031Z] [ERROR] Failed to get pending orders: page.waitForSelector: Target page, context or browser has been closed
Call log:
[2m  - waiting for locator('table.table') to be visible[22m

[2026-03-12T18:48:20.031Z] [INFO] No pending orders to review
[2026-03-12T18:48:20.031Z] [INFO] Logging out...
[2026-03-12T18:48:20.034Z] [ERROR] Logout failed: page.goto: Target page, context or browser has been closed
[2026-03-12T18:48:20.034Z] [INFO] === Bot run #1 completed successfully ===
[2026-03-12T18:48:20.034Z] [INFO] Next run scheduled for: 2026-03-12T18:49:20.034Z
